<?xml version="1.0" encoding="UTF-8"?>
<!-- Generated by org.testng.reporters.JUnitReportReporter -->
<testsuite skipped="0" hostname="DESKTOP-DB362N9" name="com.selenium.test.Test02" tests="1" failures="0" timestamp="06 oct 2018 16:34:44 GMT" time="26.513" errors="0">
  <testcase name="example02" time="26.513" classname="com.selenium.test.Test02"/>
</testsuite> <!-- com.selenium.test.Test02 -->
