<?xml version="1.0" encoding="UTF-8"?>
<!-- Generated by org.testng.reporters.JUnitReportReporter -->
<testsuite skipped="0" hostname="DESKTOP-DB362N9" name="com.selenium.test.Test01" tests="1" failures="0" timestamp="06 oct 2018 14:09:45 GMT" time="39.305" errors="0">
  <testcase name="exampleTest" time="39.305" classname="com.selenium.test.Test01"/>
</testsuite> <!-- com.selenium.test.Test01 -->
